<?xml version="1.0" encoding="UTF-8"?>
<!-- Generated by org.testng.reporters.JUnitReportReporter -->
<testsuite skipped="0" hostname="DESKTOP-DU6PGIA" name="com.orangehrmtest.LoginTest" tests="1" failures="0" timestamp="17 May 2021 11:37:24 GMT" time="40.649" errors="0">
  <testcase name="verifyLogin" time="40.649" classname="com.orangehrmtest.LoginTest"/>
</testsuite> <!-- com.orangehrmtest.LoginTest -->
