<?xml version="1.0" encoding="UTF-8"?>
<!-- Generated by org.testng.reporters.JUnitReportReporter -->
<testsuite skipped="0" hostname="DESKTOP-DU6PGIA" name="com.orangehrmtest.BaseTest" tests="1" failures="0" timestamp="16 May 2021 18:10:53 GMT" time="10.953" errors="0">
  <testcase name="f" time="10.953" classname="com.orangehrmtest.BaseTest"/>
</testsuite> <!-- com.orangehrmtest.BaseTest -->
